{
    "created": 1758186899.1611226,
    "duration": 12.75308895111084,
    "exitcode": 1,
    "root": "/mnt/devel/george/work/rs_ats/rs_ats_sw/tests_automation",
    "environment": {},
    "summary": {
        "failed": 1,
        "passed": 1,
        "total": 2,
        "collected": 2
    },
    "collectors": [
        {
            "nodeid": "",
            "outcome": "passed",
            "result": [
                {
                    "nodeid": "::test_socan_normal_mode",
                    "type": "Function",
                    "lineno": 505
                },
                {
                    "nodeid": "::test_setup_updown_fwd",
                    "type": "Function",
                    "lineno": 490
                }
            ]
        }
    ],
    "tests": [
        {
            "nodeid": "::test_socan_normal_mode",
            "lineno": 505,
            "outcome": "failed",
            "keywords": [
                "test_socan_normal_mode",
                "test_v1_1.py",
                "tests",
                "setups",
                "general",
                "nucom_gen1",
                "rs_ats_tests",
                ""
            ],
            "setup": {
                "duration": 1.4380111860000397,
                "outcome": "passed"
            },
            "call": {
                "duration": 5.027786229000412,
                "outcome": "failed",
                "crash": {
                    "path": "/mnt/devel/george/work/rs_ats/rs_ats_tests/nucom_gen1/general/setups/tests/test_v1_1.py",
                    "lineno": 513,
                    "message": "AssertionError: Should receive a response from soCAN address 19\nassert False\n +  where False = <tests_automation.sdk.socan_sdk.socan_commands.SoCANCommandGenerator object at 0x7caadf1c7ee0>.response_is_valid"
                },
                "longrepr": "E   AssertionError: Should receive a response from soCAN address 19\n    assert False\n     +  where False = <tests_automation.sdk.socan_sdk.socan_commands.SoCANCommandGenerator object at 0x7caadf1c7ee0>.response_is_valid"
            },
            "teardown": {
                "duration": 0.03953762600031041,
                "outcome": "passed"
            }
        },
        {
            "nodeid": "::test_setup_updown_fwd",
            "lineno": 490,
            "outcome": "passed",
            "keywords": [
                "test_setup_updown_fwd",
                "test_v1_1.py",
                "tests",
                "setups",
                "general",
                "nucom_gen1",
                "rs_ats_tests",
                ""
            ],
            "setup": {
                "duration": 0.005231485000877001,
                "outcome": "passed"
            },
            "call": {
                "duration": 5.452383689999806,
                "outcome": "passed"
            },
            "teardown": {
                "duration": 0.004627442000128212,
                "outcome": "passed"
            }
        }
    ]
}